{"/home/mukal/projects/bookseller/src/index.js": {"path":"/home/mukal/projects/bookseller/src/index.js","statementMap":{"0":{"start":{"line":1,"column":16},"end":{"line":1,"column":34}},"1":{"start":{"line":2,"column":12},"end":{"line":2,"column":21}},"2":{"start":{"line":3,"column":13},"end":{"line":3,"column":28}},"3":{"start":{"line":4,"column":13},"end":{"line":4,"column":28}},"4":{"start":{"line":5,"column":15},"end":{"line":5,"column":48}},"5":{"start":{"line":7,"column":0},"end":{"line":7,"column":16}},"6":{"start":{"line":9,"column":0},"end":{"line":9,"column":56}},"7":{"start":{"line":11,"column":21},"end":{"line":11,"column":48}},"8":{"start":{"line":12,"column":26},"end":{"line":12,"column":58}},"9":{"start":{"line":13,"column":19},"end":{"line":13,"column":44}},"10":{"start":{"line":15,"column":0},"end":{"line":15,"column":27}},"11":{"start":{"line":16,"column":0},"end":{"line":16,"column":44}},"12":{"start":{"line":17,"column":0},"end":{"line":17,"column":30}},"13":{"start":{"line":19,"column":0},"end":{"line":24,"column":1}},"14":{"start":{"line":20,"column":15},"end":{"line":20,"column":39}},"15":{"start":{"line":21,"column":2},"end":{"line":23,"column":5}},"16":{"start":{"line":22,"column":4},"end":{"line":22,"column":61}},"17":{"start":{"line":26,"column":0},"end":{"line":26,"column":21}}},"fnMap":{"0":{"name":"(anonymous_0)","decl":{"start":{"line":21,"column":19},"end":{"line":21,"column":20}},"loc":{"start":{"line":21,"column":25},"end":{"line":23,"column":3}},"line":21}},"branchMap":{"0":{"loc":{"start":{"line":19,"column":0},"end":{"line":24,"column":1}},"type":"if","locations":[{"start":{"line":19,"column":0},"end":{"line":24,"column":1}},{"start":{},"end":{}}],"line":19},"1":{"loc":{"start":{"line":20,"column":15},"end":{"line":20,"column":39}},"type":"binary-expr","locations":[{"start":{"line":20,"column":15},"end":{"line":20,"column":31}},{"start":{"line":20,"column":35},"end":{"line":20,"column":39}}],"line":20}},"s":{"0":1,"1":1,"2":1,"3":1,"4":1,"5":1,"6":1,"7":1,"8":1,"9":1,"10":1,"11":1,"12":1,"13":1,"14":0,"15":0,"16":0,"17":1},"f":{"0":0},"b":{"0":[0,1],"1":[0,0]},"_coverageSchema":"1a1c01bbd47fc00a2c39e90264f33305004495a9","hash":"af27dd5ffa88c948e7a844362d0e29560c276430"}
,"/home/mukal/projects/bookseller/src/routes/confirmation.js": {"path":"/home/mukal/projects/bookseller/src/routes/confirmation.js","statementMap":{"0":{"start":{"line":1,"column":16},"end":{"line":1,"column":34}},"1":{"start":{"line":2,"column":15},"end":{"line":2,"column":31}},"2":{"start":{"line":3,"column":13},"end":{"line":3,"column":28}},"3":{"start":{"line":6,"column":0},"end":{"line":8,"column":3}},"4":{"start":{"line":7,"column":2},"end":{"line":7,"column":58}},"5":{"start":{"line":10,"column":0},"end":{"line":10,"column":24}}},"fnMap":{"0":{"name":"(anonymous_0)","decl":{"start":{"line":6,"column":16},"end":{"line":6,"column":17}},"loc":{"start":{"line":6,"column":30},"end":{"line":8,"column":1}},"line":6}},"branchMap":{},"s":{"0":1,"1":1,"2":1,"3":1,"4":1,"5":1},"f":{"0":1},"b":{},"_coverageSchema":"1a1c01bbd47fc00a2c39e90264f33305004495a9","hash":"454e683e5178c3bd4f9c5b7578e13c9ebfec0d15"}
,"/home/mukal/projects/bookseller/src/routes/default.js": {"path":"/home/mukal/projects/bookseller/src/routes/default.js","statementMap":{"0":{"start":{"line":1,"column":16},"end":{"line":1,"column":34}},"1":{"start":{"line":2,"column":15},"end":{"line":2,"column":31}},"2":{"start":{"line":3,"column":13},"end":{"line":3,"column":28}},"3":{"start":{"line":6,"column":0},"end":{"line":8,"column":3}},"4":{"start":{"line":7,"column":2},"end":{"line":7,"column":53}},"5":{"start":{"line":10,"column":0},"end":{"line":10,"column":24}}},"fnMap":{"0":{"name":"(anonymous_0)","decl":{"start":{"line":6,"column":16},"end":{"line":6,"column":17}},"loc":{"start":{"line":6,"column":30},"end":{"line":8,"column":1}},"line":6}},"branchMap":{},"s":{"0":1,"1":1,"2":1,"3":1,"4":1,"5":1},"f":{"0":1},"b":{},"_coverageSchema":"1a1c01bbd47fc00a2c39e90264f33305004495a9","hash":"810a039a91b991abaaf559a6b111ad9967b4a590"}
,"/home/mukal/projects/bookseller/src/routes/image.js": {"path":"/home/mukal/projects/bookseller/src/routes/image.js","statementMap":{"0":{"start":{"line":1,"column":16},"end":{"line":1,"column":34}},"1":{"start":{"line":2,"column":15},"end":{"line":2,"column":31}},"2":{"start":{"line":5,"column":0},"end":{"line":7,"column":3}},"3":{"start":{"line":6,"column":2},"end":{"line":6,"column":60}},"4":{"start":{"line":9,"column":0},"end":{"line":9,"column":24}}},"fnMap":{"0":{"name":"(anonymous_0)","decl":{"start":{"line":5,"column":16},"end":{"line":5,"column":17}},"loc":{"start":{"line":5,"column":30},"end":{"line":7,"column":1}},"line":5}},"branchMap":{},"s":{"0":1,"1":1,"2":1,"3":0,"4":1},"f":{"0":0},"b":{},"_coverageSchema":"1a1c01bbd47fc00a2c39e90264f33305004495a9","hash":"2de08041f685f897dc6cf06038f3924551e6d6d1"}
}
