TN:
SF:src/index.js
FN:21,(anonymous_0)
FNF:1
FNH:0
FNDA:0,(anonymous_0)
DA:1,1
DA:2,1
DA:3,1
DA:4,1
DA:5,1
DA:7,1
DA:9,1
DA:11,1
DA:12,1
DA:13,1
DA:15,1
DA:16,1
DA:17,1
DA:19,1
DA:20,0
DA:21,0
DA:22,0
DA:26,1
LF:18
LH:15
BRDA:19,0,0,0
BRDA:19,0,1,1
BRDA:20,1,0,0
BRDA:20,1,1,0
BRF:4
BRH:1
end_of_record
TN:
SF:src/routes/confirmation.js
FN:6,(anonymous_0)
FNF:1
FNH:1
FNDA:1,(anonymous_0)
DA:1,1
DA:2,1
DA:3,1
DA:6,1
DA:7,1
DA:10,1
LF:6
LH:6
BRF:0
BRH:0
end_of_record
TN:
SF:src/routes/default.js
FN:6,(anonymous_0)
FNF:1
FNH:1
FNDA:1,(anonymous_0)
DA:1,1
DA:2,1
DA:3,1
DA:6,1
DA:7,1
DA:10,1
LF:6
LH:6
BRF:0
BRH:0
end_of_record
TN:
SF:src/routes/image.js
FN:5,(anonymous_0)
FNF:1
FNH:0
FNDA:0,(anonymous_0)
DA:1,1
DA:2,1
DA:5,1
DA:6,0
DA:9,1
LF:5
LH:4
BRF:0
BRH:0
end_of_record
